2017-08-10 05:18:10 [127.0.0.1][-][-][error][yii\base\InvalidConfigException] yii\base\InvalidConfigException: The directory does not exist: C:/xampp/htdocs/vietnamopening/frontend/web/assets in C:\xampp\htdocs\vietnamopening\vendor\yiisoft\yii2\web\AssetManager.php:211
Stack trace:
#0 C:\xampp\htdocs\vietnamopening\vendor\yiisoft\yii2\base\Object.php(107): yii\web\AssetManager->init()
#1 [internal function]: yii\base\Object->__construct(Array)
#2 C:\xampp\htdocs\vietnamopening\vendor\yiisoft\yii2\di\Container.php(373): ReflectionClass->newInstanceArgs(Array)
#3 C:\xampp\htdocs\vietnamopening\vendor\yiisoft\yii2\di\Container.php(154): yii\di\Container->build('yii\\web\\AssetMa...', Array, Array)
#4 C:\xampp\htdocs\vietnamopening\vendor\yiisoft\yii2\BaseYii.php(344): yii\di\Container->get('yii\\web\\AssetMa...', Array, Array)
#5 C:\xampp\htdocs\vietnamopening\vendor\yiisoft\yii2\di\ServiceLocator.php(133): yii\BaseYii::createObject(Array)
#6 C:\xampp\htdocs\vietnamopening\vendor\yiisoft\yii2\base\Application.php(600): yii\di\ServiceLocator->get('assetManager')
#7 C:\xampp\htdocs\vietnamopening\vendor\yiisoft\yii2\web\View.php(223): yii\base\Application->getAssetManager()
#8 C:\xampp\htdocs\vietnamopening\vendor\yiisoft\yii2\web\View.php(283): yii\web\View->getAssetManager()
#9 C:\xampp\htdocs\vietnamopening\vendor\yiisoft\yii2\web\AssetBundle.php(123): yii\web\View->registerAssetBundle('yii\\authclient\\...')
#10 C:\xampp\htdocs\vietnamopening\vendor\yiisoft\yii2-authclient\widgets\AuthChoice.php(259): yii\web\AssetBundle::register(Object(yii\web\View))
#11 C:\xampp\htdocs\vietnamopening\vendor\yiisoft\yii2\base\Object.php(107): yii\authclient\widgets\AuthChoice->init()
#12 [internal function]: yii\base\Object->__construct(Array)
#13 C:\xampp\htdocs\vietnamopening\vendor\yiisoft\yii2\di\Container.php(379): ReflectionClass->newInstanceArgs(Array)
#14 C:\xampp\htdocs\vietnamopening\vendor\yiisoft\yii2\di\Container.php(154): yii\di\Container->build('yii\\authclient\\...', Array, Array)
#15 C:\xampp\htdocs\vietnamopening\vendor\yiisoft\yii2\BaseYii.php(344): yii\di\Container->get('yii\\authclient\\...', Array, Array)
#16 C:\xampp\htdocs\vietnamopening\vendor\yiisoft\yii2\base\Widget.php(101): yii\BaseYii::createObject(Array)
#17 C:\xampp\htdocs\vietnamopening\frontend\views\site\index.php(2): yii\base\Widget::widget(Array)
#18 C:\xampp\htdocs\vietnamopening\vendor\yiisoft\yii2\base\View.php(326): require('C:\\xampp\\htdocs...')
#19 C:\xampp\htdocs\vietnamopening\vendor\yiisoft\yii2\base\View.php(248): yii\base\View->renderPhpFile('C:\\xampp\\htdocs...', Array)
#20 C:\xampp\htdocs\vietnamopening\vendor\yiisoft\yii2\base\View.php(150): yii\base\View->renderFile('C:\\xampp\\htdocs...', Array, Object(frontend\controllers\SiteController))
#21 C:\xampp\htdocs\vietnamopening\vendor\yiisoft\yii2\base\Controller.php(378): yii\base\View->render('index', Array, Object(frontend\controllers\SiteController))
#22 C:\xampp\htdocs\vietnamopening\frontend\controllers\SiteController.php(82): yii\base\Controller->render('index')
#23 [internal function]: frontend\controllers\SiteController->actionIndex()
#24 C:\xampp\htdocs\vietnamopening\vendor\yiisoft\yii2\base\InlineAction.php(55): call_user_func_array(Array, Array)
#25 C:\xampp\htdocs\vietnamopening\vendor\yiisoft\yii2\base\Controller.php(154): yii\base\InlineAction->runWithParams(Array)
#26 C:\xampp\htdocs\vietnamopening\vendor\yiisoft\yii2\base\Module.php(454): yii\base\Controller->runAction('', Array)
#27 C:\xampp\htdocs\vietnamopening\vendor\yiisoft\yii2\web\Application.php(100): yii\base\Module->runAction('', Array)
#28 C:\xampp\htdocs\vietnamopening\vendor\yiisoft\yii2\base\Application.php(375): yii\web\Application->handleRequest(Object(yii\web\Request))
#29 C:\xampp\htdocs\vietnamopening\frontend\web\index.php(17): yii\base\Application->run()
#30 {main}
2017-08-10 05:18:08 [127.0.0.1][-][-][info][application] $_SERVER = [
    'MIBDIRS' => 'C:/xampp/php/extras/mibs'
    'MYSQL_HOME' => '\\xampp\\mysql\\bin'
    'OPENSSL_CONF' => 'C:/xampp/apache/bin/openssl.cnf'
    'PHP_PEAR_SYSCONF_DIR' => '\\xampp\\php'
    'PHPRC' => '\\xampp\\php'
    'TMP' => '\\xampp\\tmp'
    'HTTP_HOST' => 'vietnamopening.com'
    'HTTP_CONNECTION' => 'keep-alive'
    'HTTP_UPGRADE_INSECURE_REQUESTS' => '1'
    'HTTP_USER_AGENT' => 'Mozilla/5.0 (Windows NT 6.1; Win64; x64) AppleWebKit/537.36 (KHTML, like Gecko) Chrome/60.0.3112.90 Safari/537.36'
    'HTTP_ACCEPT' => 'text/html,application/xhtml+xml,application/xml;q=0.9,image/webp,image/apng,*/*;q=0.8'
    'HTTP_ACCEPT_ENCODING' => 'gzip, deflate'
    'HTTP_ACCEPT_LANGUAGE' => 'en-US,en;q=0.8,ja;q=0.6,ko;q=0.4,vi;q=0.2'
    'PATH' => 'C:\\Program Files (x86)\\NVIDIA Corporation\\PhysX\\Common;C:\\Program Files (x86)\\Intel\\iCLS Client\\;C:\\Program Files\\Intel\\iCLS Client\\;C:\\Windows\\system32;C:\\Windows;C:\\Windows\\System32\\Wbem;C:\\Windows\\System32\\WindowsPowerShell\\v1.0\\;C:\\Program Files\\Intel\\Intel(R) Management Engine Components\\DAL;C:\\Program Files\\Intel\\Intel(R) Management Engine Components\\IPT;C:\\Program Files (x86)\\Intel\\Intel(R) Management Engine Components\\DAL;C:\\Program Files (x86)\\Intel\\Intel(R) Management Engine Components\\IPT;C:\\Program Files (x86)\\Skype\\Phone\\;C:\\Program Files\\TortoiseSVN\\bin;C:\\xampp\\php;C:\\ProgramData\\ComposerSetup\\bin;C:\\Users\\ASUS\\AppData\\Roaming\\Composer\\vendor\\bin'
    'SystemRoot' => 'C:\\Windows'
    'COMSPEC' => 'C:\\Windows\\system32\\cmd.exe'
    'PATHEXT' => '.COM;.EXE;.BAT;.CMD;.VBS;.VBE;.JS;.JSE;.WSF;.WSH;.MSC'
    'WINDIR' => 'C:\\Windows'
    'SERVER_SIGNATURE' => '<address>Apache/2.4.26 (Win32) OpenSSL/1.0.2l PHP/7.1.7 Server at vietnamopening.com Port 80</address>
'
    'SERVER_SOFTWARE' => 'Apache/2.4.26 (Win32) OpenSSL/1.0.2l PHP/7.1.7'
    'SERVER_NAME' => 'vietnamopening.com'
    'SERVER_ADDR' => '127.0.0.1'
    'SERVER_PORT' => '80'
    'REMOTE_ADDR' => '127.0.0.1'
    'DOCUMENT_ROOT' => 'C:/xampp/htdocs/vietnamopening/frontend/web'
    'REQUEST_SCHEME' => 'http'
    'CONTEXT_PREFIX' => ''
    'CONTEXT_DOCUMENT_ROOT' => 'C:/xampp/htdocs/vietnamopening/frontend/web'
    'SERVER_ADMIN' => 'postmaster@localhost'
    'SCRIPT_FILENAME' => 'C:/xampp/htdocs/vietnamopening/frontend/web/index.php'
    'REMOTE_PORT' => '50158'
    'GATEWAY_INTERFACE' => 'CGI/1.1'
    'SERVER_PROTOCOL' => 'HTTP/1.1'
    'REQUEST_METHOD' => 'GET'
    'QUERY_STRING' => ''
    'REQUEST_URI' => '/'
    'SCRIPT_NAME' => '/index.php'
    'PHP_SELF' => '/index.php'
    'REQUEST_TIME_FLOAT' => 1502335087.393
    'REQUEST_TIME' => 1502335087
]
2017-08-10 05:18:11 [127.0.0.1][-][-][warning][yii\log\Dispatcher::dispatch] Unable to send log via yii\debug\LogTarget: Exception (Invalid Configuration) 'yii\base\InvalidConfigException' with message 'The directory does not exist: C:/xampp/htdocs/vietnamopening/frontend/web/assets' 

in C:\xampp\htdocs\vietnamopening\vendor\yiisoft\yii2\web\AssetManager.php:211

Stack trace:
#0 C:\xampp\htdocs\vietnamopening\vendor\yiisoft\yii2\base\Object.php(107): yii\web\AssetManager->init()
#1 [internal function]: yii\base\Object->__construct(Array)
#2 C:\xampp\htdocs\vietnamopening\vendor\yiisoft\yii2\di\Container.php(373): ReflectionClass->newInstanceArgs(Array)
#3 C:\xampp\htdocs\vietnamopening\vendor\yiisoft\yii2\di\Container.php(154): yii\di\Container->build('yii\\web\\AssetMa...', Array, Array)
#4 C:\xampp\htdocs\vietnamopening\vendor\yiisoft\yii2\BaseYii.php(344): yii\di\Container->get('yii\\web\\AssetMa...', Array, Array)
#5 C:\xampp\htdocs\vietnamopening\vendor\yiisoft\yii2\di\ServiceLocator.php(133): yii\BaseYii::createObject(Array)
#6 C:\xampp\htdocs\vietnamopening\vendor\yiisoft\yii2\base\Application.php(600): yii\di\ServiceLocator->get('assetManager')
#7 C:\xampp\htdocs\vietnamopening\vendor\yiisoft\yii2\web\View.php(223): yii\base\Application->getAssetManager()
#8 C:\xampp\htdocs\vietnamopening\vendor\yiisoft\yii2\base\Component.php(130): yii\web\View->getAssetManager()
#9 C:\xampp\htdocs\vietnamopening\vendor\yiisoft\yii2-debug\panels\AssetPanel.php(53): yii\base\Component->__get('assetManager')
#10 C:\xampp\htdocs\vietnamopening\vendor\yiisoft\yii2-debug\LogTarget.php(54): yii\debug\panels\AssetPanel->save()
#11 C:\xampp\htdocs\vietnamopening\vendor\yiisoft\yii2-debug\LogTarget.php(118): yii\debug\LogTarget->export()
#12 C:\xampp\htdocs\vietnamopening\vendor\yiisoft\yii2\log\Dispatcher.php(188): yii\debug\LogTarget->collect(Array, true)
#13 C:\xampp\htdocs\vietnamopening\vendor\yiisoft\yii2\log\Logger.php(173): yii\log\Dispatcher->dispatch(Array, true)
#14 C:\xampp\htdocs\vietnamopening\vendor\yiisoft\yii2\base\ErrorHandler.php(111): yii\log\Logger->flush(true)
#15 [internal function]: yii\base\ErrorHandler->handleException(Object(yii\base\InvalidConfigException))
#16 {main}
2017-08-10 05:18:08 [127.0.0.1][-][-][info][application] $_SERVER = [
    'MIBDIRS' => 'C:/xampp/php/extras/mibs'
    'MYSQL_HOME' => '\\xampp\\mysql\\bin'
    'OPENSSL_CONF' => 'C:/xampp/apache/bin/openssl.cnf'
    'PHP_PEAR_SYSCONF_DIR' => '\\xampp\\php'
    'PHPRC' => '\\xampp\\php'
    'TMP' => '\\xampp\\tmp'
    'HTTP_HOST' => 'vietnamopening.com'
    'HTTP_CONNECTION' => 'keep-alive'
    'HTTP_UPGRADE_INSECURE_REQUESTS' => '1'
    'HTTP_USER_AGENT' => 'Mozilla/5.0 (Windows NT 6.1; Win64; x64) AppleWebKit/537.36 (KHTML, like Gecko) Chrome/60.0.3112.90 Safari/537.36'
    'HTTP_ACCEPT' => 'text/html,application/xhtml+xml,application/xml;q=0.9,image/webp,image/apng,*/*;q=0.8'
    'HTTP_ACCEPT_ENCODING' => 'gzip, deflate'
    'HTTP_ACCEPT_LANGUAGE' => 'en-US,en;q=0.8,ja;q=0.6,ko;q=0.4,vi;q=0.2'
    'PATH' => 'C:\\Program Files (x86)\\NVIDIA Corporation\\PhysX\\Common;C:\\Program Files (x86)\\Intel\\iCLS Client\\;C:\\Program Files\\Intel\\iCLS Client\\;C:\\Windows\\system32;C:\\Windows;C:\\Windows\\System32\\Wbem;C:\\Windows\\System32\\WindowsPowerShell\\v1.0\\;C:\\Program Files\\Intel\\Intel(R) Management Engine Components\\DAL;C:\\Program Files\\Intel\\Intel(R) Management Engine Components\\IPT;C:\\Program Files (x86)\\Intel\\Intel(R) Management Engine Components\\DAL;C:\\Program Files (x86)\\Intel\\Intel(R) Management Engine Components\\IPT;C:\\Program Files (x86)\\Skype\\Phone\\;C:\\Program Files\\TortoiseSVN\\bin;C:\\xampp\\php;C:\\ProgramData\\ComposerSetup\\bin;C:\\Users\\ASUS\\AppData\\Roaming\\Composer\\vendor\\bin'
    'SystemRoot' => 'C:\\Windows'
    'COMSPEC' => 'C:\\Windows\\system32\\cmd.exe'
    'PATHEXT' => '.COM;.EXE;.BAT;.CMD;.VBS;.VBE;.JS;.JSE;.WSF;.WSH;.MSC'
    'WINDIR' => 'C:\\Windows'
    'SERVER_SIGNATURE' => '<address>Apache/2.4.26 (Win32) OpenSSL/1.0.2l PHP/7.1.7 Server at vietnamopening.com Port 80</address>
'
    'SERVER_SOFTWARE' => 'Apache/2.4.26 (Win32) OpenSSL/1.0.2l PHP/7.1.7'
    'SERVER_NAME' => 'vietnamopening.com'
    'SERVER_ADDR' => '127.0.0.1'
    'SERVER_PORT' => '80'
    'REMOTE_ADDR' => '127.0.0.1'
    'DOCUMENT_ROOT' => 'C:/xampp/htdocs/vietnamopening/frontend/web'
    'REQUEST_SCHEME' => 'http'
    'CONTEXT_PREFIX' => ''
    'CONTEXT_DOCUMENT_ROOT' => 'C:/xampp/htdocs/vietnamopening/frontend/web'
    'SERVER_ADMIN' => 'postmaster@localhost'
    'SCRIPT_FILENAME' => 'C:/xampp/htdocs/vietnamopening/frontend/web/index.php'
    'REMOTE_PORT' => '50158'
    'GATEWAY_INTERFACE' => 'CGI/1.1'
    'SERVER_PROTOCOL' => 'HTTP/1.1'
    'REQUEST_METHOD' => 'GET'
    'QUERY_STRING' => ''
    'REQUEST_URI' => '/'
    'SCRIPT_NAME' => '/index.php'
    'PHP_SELF' => '/index.php'
    'REQUEST_TIME_FLOAT' => 1502335087.393
    'REQUEST_TIME' => 1502335087
]
2017-08-10 05:19:08 [127.0.0.1][-][u15vk793lbl8unbs1s36vh5boj][error][Error] Error: Undefined class constant 'ROLE_MEMBER' in C:\xampp\htdocs\vietnamopening\frontend\forms\SignupForm.php:14
Stack trace:
#0 C:\xampp\htdocs\vietnamopening\common\forms\SignupForm.php(56): frontend\forms\SignupForm->setExtraAttributes(Object(common\models\User))
#1 C:\xampp\htdocs\vietnamopening\frontend\controllers\SiteController.php(160): common\forms\SignupForm->signup()
#2 [internal function]: frontend\controllers\SiteController->actionSignup()
#3 C:\xampp\htdocs\vietnamopening\vendor\yiisoft\yii2\base\InlineAction.php(55): call_user_func_array(Array, Array)
#4 C:\xampp\htdocs\vietnamopening\vendor\yiisoft\yii2\base\Controller.php(154): yii\base\InlineAction->runWithParams(Array)
#5 C:\xampp\htdocs\vietnamopening\vendor\yiisoft\yii2\base\Module.php(454): yii\base\Controller->runAction('signup', Array)
#6 C:\xampp\htdocs\vietnamopening\vendor\yiisoft\yii2\web\Application.php(100): yii\base\Module->runAction('site/signup', Array)
#7 C:\xampp\htdocs\vietnamopening\vendor\yiisoft\yii2\base\Application.php(375): yii\web\Application->handleRequest(Object(yii\web\Request))
#8 C:\xampp\htdocs\vietnamopening\frontend\web\index.php(17): yii\base\Application->run()
#9 {main}
2017-08-10 05:19:06 [127.0.0.1][-][u15vk793lbl8unbs1s36vh5boj][info][application] $_POST = [
    '_csrf-frontend' => 'WXJqWEd4cEgxNQIZKgpGI2ABWgwdSAVwFxcIAgkQMj5rGQJ1NDFdfg=='
    'SignupForm' => [
        'username' => 'admin'
        'email' => 'admin@gmail.com'
        'password' => '123456'
    ]
    'signup-button' => ''
]

$_COOKIE = [
    'advanced-frontend' => 'u15vk793lbl8unbs1s36vh5boj'
    '_csrf-frontend' => '84daab109d39239b94aa99602a37ce34d20093af9df2cc6766aea1a1af1ffcc6a:2:{i:0;s:14:\"_csrf-frontend\";i:1;s:32:\"hGhAmr6k9s0TZ0u8NebZNhBv2kh-sI-6\";}'
]

$_SESSION = [
    '__flash' => []
]

$_SERVER = [
    'REDIRECT_MIBDIRS' => 'C:/xampp/php/extras/mibs'
    'REDIRECT_MYSQL_HOME' => '\\xampp\\mysql\\bin'
    'REDIRECT_OPENSSL_CONF' => 'C:/xampp/apache/bin/openssl.cnf'
    'REDIRECT_PHP_PEAR_SYSCONF_DIR' => '\\xampp\\php'
    'REDIRECT_PHPRC' => '\\xampp\\php'
    'REDIRECT_TMP' => '\\xampp\\tmp'
    'REDIRECT_STATUS' => '200'
    'MIBDIRS' => 'C:/xampp/php/extras/mibs'
    'MYSQL_HOME' => '\\xampp\\mysql\\bin'
    'OPENSSL_CONF' => 'C:/xampp/apache/bin/openssl.cnf'
    'PHP_PEAR_SYSCONF_DIR' => '\\xampp\\php'
    'PHPRC' => '\\xampp\\php'
    'TMP' => '\\xampp\\tmp'
    'HTTP_HOST' => 'vietnamopening.com'
    'HTTP_CONNECTION' => 'keep-alive'
    'CONTENT_LENGTH' => '193'
    'HTTP_CACHE_CONTROL' => 'max-age=0'
    'HTTP_ORIGIN' => 'http://vietnamopening.com'
    'HTTP_UPGRADE_INSECURE_REQUESTS' => '1'
    'HTTP_USER_AGENT' => 'Mozilla/5.0 (Windows NT 6.1; Win64; x64) AppleWebKit/537.36 (KHTML, like Gecko) Chrome/60.0.3112.90 Safari/537.36'
    'CONTENT_TYPE' => 'application/x-www-form-urlencoded'
    'HTTP_ACCEPT' => 'text/html,application/xhtml+xml,application/xml;q=0.9,image/webp,image/apng,*/*;q=0.8'
    'HTTP_REFERER' => 'http://vietnamopening.com/site/signup'
    'HTTP_ACCEPT_ENCODING' => 'gzip, deflate'
    'HTTP_ACCEPT_LANGUAGE' => 'en-US,en;q=0.8,ja;q=0.6,ko;q=0.4,vi;q=0.2'
    'HTTP_COOKIE' => 'advanced-frontend=u15vk793lbl8unbs1s36vh5boj; _csrf-frontend=84daab109d39239b94aa99602a37ce34d20093af9df2cc6766aea1a1af1ffcc6a%3A2%3A%7Bi%3A0%3Bs%3A14%3A%22_csrf-frontend%22%3Bi%3A1%3Bs%3A32%3A%22hGhAmr6k9s0TZ0u8NebZNhBv2kh-sI-6%22%3B%7D'
    'PATH' => 'C:\\Program Files (x86)\\NVIDIA Corporation\\PhysX\\Common;C:\\Program Files (x86)\\Intel\\iCLS Client\\;C:\\Program Files\\Intel\\iCLS Client\\;C:\\Windows\\system32;C:\\Windows;C:\\Windows\\System32\\Wbem;C:\\Windows\\System32\\WindowsPowerShell\\v1.0\\;C:\\Program Files\\Intel\\Intel(R) Management Engine Components\\DAL;C:\\Program Files\\Intel\\Intel(R) Management Engine Components\\IPT;C:\\Program Files (x86)\\Intel\\Intel(R) Management Engine Components\\DAL;C:\\Program Files (x86)\\Intel\\Intel(R) Management Engine Components\\IPT;C:\\Program Files (x86)\\Skype\\Phone\\;C:\\Program Files\\TortoiseSVN\\bin;C:\\xampp\\php;C:\\ProgramData\\ComposerSetup\\bin;C:\\Users\\ASUS\\AppData\\Roaming\\Composer\\vendor\\bin'
    'SystemRoot' => 'C:\\Windows'
    'COMSPEC' => 'C:\\Windows\\system32\\cmd.exe'
    'PATHEXT' => '.COM;.EXE;.BAT;.CMD;.VBS;.VBE;.JS;.JSE;.WSF;.WSH;.MSC'
    'WINDIR' => 'C:\\Windows'
    'SERVER_SIGNATURE' => '<address>Apache/2.4.26 (Win32) OpenSSL/1.0.2l PHP/7.1.7 Server at vietnamopening.com Port 80</address>
'
    'SERVER_SOFTWARE' => 'Apache/2.4.26 (Win32) OpenSSL/1.0.2l PHP/7.1.7'
    'SERVER_NAME' => 'vietnamopening.com'
    'SERVER_ADDR' => '127.0.0.1'
    'SERVER_PORT' => '80'
    'REMOTE_ADDR' => '127.0.0.1'
    'DOCUMENT_ROOT' => 'C:/xampp/htdocs/vietnamopening/frontend/web'
    'REQUEST_SCHEME' => 'http'
    'CONTEXT_PREFIX' => ''
    'CONTEXT_DOCUMENT_ROOT' => 'C:/xampp/htdocs/vietnamopening/frontend/web'
    'SERVER_ADMIN' => 'postmaster@localhost'
    'SCRIPT_FILENAME' => 'C:/xampp/htdocs/vietnamopening/frontend/web/index.php'
    'REMOTE_PORT' => '50182'
    'REDIRECT_URL' => '/site/signup'
    'GATEWAY_INTERFACE' => 'CGI/1.1'
    'SERVER_PROTOCOL' => 'HTTP/1.1'
    'REQUEST_METHOD' => 'POST'
    'QUERY_STRING' => ''
    'REQUEST_URI' => '/site/signup'
    'SCRIPT_NAME' => '/index.php'
    'PHP_SELF' => '/index.php'
    'REQUEST_TIME_FLOAT' => 1502335146.558
    'REQUEST_TIME' => 1502335146
]
2017-08-10 05:19:08 [127.0.0.1][-][u15vk793lbl8unbs1s36vh5boj][warning][yii\log\Dispatcher::dispatch] Unable to send log via yii\debug\LogTarget: Exception 'Exception' with message 'Serialization of 'Closure' is not allowed' 

in C:\xampp\htdocs\vietnamopening\vendor\yiisoft\yii2-debug\LogTarget.php:57

Stack trace:
#0 C:\xampp\htdocs\vietnamopening\vendor\yiisoft\yii2-debug\LogTarget.php(57): serialize(Array)
#1 C:\xampp\htdocs\vietnamopening\vendor\yiisoft\yii2-debug\LogTarget.php(118): yii\debug\LogTarget->export()
#2 C:\xampp\htdocs\vietnamopening\vendor\yiisoft\yii2\log\Dispatcher.php(188): yii\debug\LogTarget->collect(Array, true)
#3 C:\xampp\htdocs\vietnamopening\vendor\yiisoft\yii2\log\Logger.php(173): yii\log\Dispatcher->dispatch(Array, true)
#4 C:\xampp\htdocs\vietnamopening\vendor\yiisoft\yii2\base\ErrorHandler.php(111): yii\log\Logger->flush(true)
#5 [internal function]: yii\base\ErrorHandler->handleException(Object(Error))
#6 {main}
2017-08-10 05:19:06 [127.0.0.1][-][u15vk793lbl8unbs1s36vh5boj][info][application] $_POST = [
    '_csrf-frontend' => 'WXJqWEd4cEgxNQIZKgpGI2ABWgwdSAVwFxcIAgkQMj5rGQJ1NDFdfg=='
    'SignupForm' => [
        'username' => 'admin'
        'email' => 'admin@gmail.com'
        'password' => '123456'
    ]
    'signup-button' => ''
]

$_COOKIE = [
    'advanced-frontend' => 'u15vk793lbl8unbs1s36vh5boj'
    '_csrf-frontend' => '84daab109d39239b94aa99602a37ce34d20093af9df2cc6766aea1a1af1ffcc6a:2:{i:0;s:14:\"_csrf-frontend\";i:1;s:32:\"hGhAmr6k9s0TZ0u8NebZNhBv2kh-sI-6\";}'
]

$_SESSION = [
    '__flash' => []
]

$_SERVER = [
    'REDIRECT_MIBDIRS' => 'C:/xampp/php/extras/mibs'
    'REDIRECT_MYSQL_HOME' => '\\xampp\\mysql\\bin'
    'REDIRECT_OPENSSL_CONF' => 'C:/xampp/apache/bin/openssl.cnf'
    'REDIRECT_PHP_PEAR_SYSCONF_DIR' => '\\xampp\\php'
    'REDIRECT_PHPRC' => '\\xampp\\php'
    'REDIRECT_TMP' => '\\xampp\\tmp'
    'REDIRECT_STATUS' => '200'
    'MIBDIRS' => 'C:/xampp/php/extras/mibs'
    'MYSQL_HOME' => '\\xampp\\mysql\\bin'
    'OPENSSL_CONF' => 'C:/xampp/apache/bin/openssl.cnf'
    'PHP_PEAR_SYSCONF_DIR' => '\\xampp\\php'
    'PHPRC' => '\\xampp\\php'
    'TMP' => '\\xampp\\tmp'
    'HTTP_HOST' => 'vietnamopening.com'
    'HTTP_CONNECTION' => 'keep-alive'
    'CONTENT_LENGTH' => '193'
    'HTTP_CACHE_CONTROL' => 'max-age=0'
    'HTTP_ORIGIN' => 'http://vietnamopening.com'
    'HTTP_UPGRADE_INSECURE_REQUESTS' => '1'
    'HTTP_USER_AGENT' => 'Mozilla/5.0 (Windows NT 6.1; Win64; x64) AppleWebKit/537.36 (KHTML, like Gecko) Chrome/60.0.3112.90 Safari/537.36'
    'CONTENT_TYPE' => 'application/x-www-form-urlencoded'
    'HTTP_ACCEPT' => 'text/html,application/xhtml+xml,application/xml;q=0.9,image/webp,image/apng,*/*;q=0.8'
    'HTTP_REFERER' => 'http://vietnamopening.com/site/signup'
    'HTTP_ACCEPT_ENCODING' => 'gzip, deflate'
    'HTTP_ACCEPT_LANGUAGE' => 'en-US,en;q=0.8,ja;q=0.6,ko;q=0.4,vi;q=0.2'
    'HTTP_COOKIE' => 'advanced-frontend=u15vk793lbl8unbs1s36vh5boj; _csrf-frontend=84daab109d39239b94aa99602a37ce34d20093af9df2cc6766aea1a1af1ffcc6a%3A2%3A%7Bi%3A0%3Bs%3A14%3A%22_csrf-frontend%22%3Bi%3A1%3Bs%3A32%3A%22hGhAmr6k9s0TZ0u8NebZNhBv2kh-sI-6%22%3B%7D'
    'PATH' => 'C:\\Program Files (x86)\\NVIDIA Corporation\\PhysX\\Common;C:\\Program Files (x86)\\Intel\\iCLS Client\\;C:\\Program Files\\Intel\\iCLS Client\\;C:\\Windows\\system32;C:\\Windows;C:\\Windows\\System32\\Wbem;C:\\Windows\\System32\\WindowsPowerShell\\v1.0\\;C:\\Program Files\\Intel\\Intel(R) Management Engine Components\\DAL;C:\\Program Files\\Intel\\Intel(R) Management Engine Components\\IPT;C:\\Program Files (x86)\\Intel\\Intel(R) Management Engine Components\\DAL;C:\\Program Files (x86)\\Intel\\Intel(R) Management Engine Components\\IPT;C:\\Program Files (x86)\\Skype\\Phone\\;C:\\Program Files\\TortoiseSVN\\bin;C:\\xampp\\php;C:\\ProgramData\\ComposerSetup\\bin;C:\\Users\\ASUS\\AppData\\Roaming\\Composer\\vendor\\bin'
    'SystemRoot' => 'C:\\Windows'
    'COMSPEC' => 'C:\\Windows\\system32\\cmd.exe'
    'PATHEXT' => '.COM;.EXE;.BAT;.CMD;.VBS;.VBE;.JS;.JSE;.WSF;.WSH;.MSC'
    'WINDIR' => 'C:\\Windows'
    'SERVER_SIGNATURE' => '<address>Apache/2.4.26 (Win32) OpenSSL/1.0.2l PHP/7.1.7 Server at vietnamopening.com Port 80</address>
'
    'SERVER_SOFTWARE' => 'Apache/2.4.26 (Win32) OpenSSL/1.0.2l PHP/7.1.7'
    'SERVER_NAME' => 'vietnamopening.com'
    'SERVER_ADDR' => '127.0.0.1'
    'SERVER_PORT' => '80'
    'REMOTE_ADDR' => '127.0.0.1'
    'DOCUMENT_ROOT' => 'C:/xampp/htdocs/vietnamopening/frontend/web'
    'REQUEST_SCHEME' => 'http'
    'CONTEXT_PREFIX' => ''
    'CONTEXT_DOCUMENT_ROOT' => 'C:/xampp/htdocs/vietnamopening/frontend/web'
    'SERVER_ADMIN' => 'postmaster@localhost'
    'SCRIPT_FILENAME' => 'C:/xampp/htdocs/vietnamopening/frontend/web/index.php'
    'REMOTE_PORT' => '50182'
    'REDIRECT_URL' => '/site/signup'
    'GATEWAY_INTERFACE' => 'CGI/1.1'
    'SERVER_PROTOCOL' => 'HTTP/1.1'
    'REQUEST_METHOD' => 'POST'
    'QUERY_STRING' => ''
    'REQUEST_URI' => '/site/signup'
    'SCRIPT_NAME' => '/index.php'
    'PHP_SELF' => '/index.php'
    'REQUEST_TIME_FLOAT' => 1502335146.558
    'REQUEST_TIME' => 1502335146
]
